# JRE version: Java(TM) SE Runtime Environment (7.0_80-b15) (build 1.7.0_80-b15)
# Java VM: Java HotSpot(TM) 64-Bit Server VM (24.80-b11 mixed mode windows-amd64 compressed oops)
Heap
 PSYoungGen      total 62976K, used 5014K [0x00000000eaa80000, 0x00000000efc80000, 0x0000000100000000)
  eden space 52736K, 5% used [0x00000000eaa80000,0x00000000ead95bb8,0x00000000ede00000)
  from space 10240K, 18% used [0x00000000ee800000,0x00000000ee9d0000,0x00000000ef200000)
  to   space 10240K, 0% used [0x00000000ede00000,0x00000000ede00000,0x00000000ee800000)
 ParOldGen       total 138240K, used 63136K [0x00000000c0000000, 0x00000000c8700000, 0x00000000eaa80000)
  object space 138240K, 45% used [0x00000000c0000000,0x00000000c3da80a0,0x00000000c8700000)
 PSPermGen       total 67584K, used 67354K [0x00000000a8000000, 0x00000000ac200000, 0x00000000c0000000)
  object space 67584K, 99% used [0x00000000a8000000,0x00000000ac1c6b98,0x00000000ac200000)
GC Heap History (10 events):
Event: 1647921.784 GC heap before
{Heap before GC invocations=411 (full 60):
 PSYoungGen      total 58368K, used 3645K [0x00000000eaa80000, 0x00000000ef380000, 0x0000000100000000)
  eden space 54272K, 0% used [0x00000000eaa80000,0x00000000eaa80000,0x00000000edf80000)
  from space 4096K, 89% used [0x00000000edf80000,0x00000000ee30f5e8,0x00000000ee380000)
  to   space 10240K, 0% used [0x00000000ee980000,0x00000000ee980000,0x00000000ef380000)
 ParOldGen       total 138240K, used 68950K [0x00000000c0000000, 0x00000000c8700000, 0x00000000eaa80000)
  object space 138240K, 49% used [0x00000000c0000000,0x00000000c4355940,0x00000000c8700000)
 PSPermGen       total 67584K, used 67239K [0x00000000a8000000, 0x00000000ac200000, 0x00000000c0000000)
  object space 67584K, 99% used [0x00000000a8000000,0x00000000ac1a9f30,0x00000000ac200000)
Event: 1647923.209 GC heap after
Heap after GC invocations=411 (full 60):
 PSYoungGen      total 58368K, used 0K [0x00000000eaa80000, 0x00000000ef380000, 0x0000000100000000)
  eden space 54272K, 0% used [0x00000000eaa80000,0x00000000eaa80000,0x00000000edf80000)
  from space 4096K, 0% used [0x00000000edf80000,0x00000000edf80000,0x00000000ee380000)
  to   space 10240K, 0% used [0x00000000ee980000,0x00000000ee980000,0x00000000ef380000)
 ParOldGen       total 138240K, used 63003K [0x00000000c0000000, 0x00000000c8700000, 0x00000000eaa80000)
  object space 138240K, 45% used [0x00000000c0000000,0x00000000c3d86d88,0x00000000c8700000)
 PSPermGen       total 67584K, used 67197K [0x00000000a8000000, 0x00000000ac200000, 0x00000000c0000000)
  object space 67584K, 99% used [0x00000000a8000000,0x00000000ac19f4e0,0x00000000ac200000)
}
Event: 1647923.518 GC heap before
{Heap before GC invocations=412 (full 60):
 PSYoungGen      total 58368K, used 4932K [0x00000000eaa80000, 0x00000000ef380000, 0x0000000100000000)
  eden space 54272K, 9% used [0x00000000eaa80000,0x00000000eaf511e8,0x00000000edf80000)
  from space 4096K, 0% used [0x00000000edf80000,0x00000000edf80000,0x00000000ee380000)
  to   space 10240K, 0% used [0x00000000ee980000,0x00000000ee980000,0x00000000ef380000)
 ParOldGen       total 138240K, used 63003K [0x00000000c0000000, 0x00000000c8700000, 0x00000000eaa80000)
  object space 138240K, 45% used [0x00000000c0000000,0x00000000c3d86d88,0x00000000c8700000)
 PSPermGen       total 67584K, used 67205K [0x00000000a8000000, 0x00000000ac200000, 0x00000000c0000000)
  object space 67584K, 99% used [0x00000000a8000000,0x00000000ac1a16d8,0x00000000ac200000)
Event: 1647923.523 GC heap after
Heap after GC invocations=412 (full 60):
 PSYoungGen      total 64512K, used 1216K [0x00000000eaa80000, 0x00000000ef380000, 0x0000000100000000)
  eden space 54272K, 0% used [0x00000000eaa80000,0x00000000eaa80000,0x00000000edf80000)
  from space 10240K, 11% used [0x00000000ee980000,0x00000000eeab0000,0x00000000ef380000)
  to   space 10240K, 0% used [0x00000000edf80000,0x00000000edf80000,0x00000000ee980000)
 ParOldGen       total 138240K, used 63003K [0x00000000c0000000, 0x00000000c8700000, 0x00000000eaa80000)
  object space 138240K, 45% used [0x00000000c0000000,0x00000000c3d86d88,0x00000000c8700000)
 PSPermGen       total 67584K, used 67205K [0x00000000a8000000, 0x00000000ac200000, 0x00000000c0000000)
  object space 67584K, 99% used [0x00000000a8000000,0x00000000ac1a16d8,0x00000000ac200000)
}
Event: 1647923.523 GC heap before
{Heap before GC invocations=413 (full 61):
 PSYoungGen      total 64512K, used 1216K [0x00000000eaa80000, 0x00000000ef380000, 0x0000000100000000)
  eden space 54272K, 0% used [0x00000000eaa80000,0x00000000eaa80000,0x00000000edf80000)
  from space 10240K, 11% used [0x00000000ee980000,0x00000000eeab0000,0x00000000ef380000)
  to   space 10240K, 0% used [0x00000000edf80000,0x00000000edf80000,0x00000000ee980000)
 ParOldGen       total 138240K, used 63003K [0x00000000c0000000, 0x00000000c8700000, 0x00000000eaa80000)
  object space 138240K, 45% used [0x00000000c0000000,0x00000000c3d86d88,0x00000000c8700000)
 PSPermGen       total 67584K, used 67205K [0x00000000a8000000, 0x00000000ac200000, 0x00000000c0000000)
  object space 67584K, 99% used [0x00000000a8000000,0x00000000ac1a16d8,0x00000000ac200000)
Event: 1647923.849 GC heap after
Heap after GC invocations=413 (full 61):
 PSYoungGen      total 64512K, used 0K [0x00000000eaa80000, 0x00000000ef380000, 0x0000000100000000)
  eden space 54272K, 0% used [0x00000000eaa80000,0x00000000eaa80000,0x00000000edf80000)
  from space 10240K, 0% used [0x00000000ee980000,0x00000000ee980000,0x00000000ef380000)
  to   space 10240K, 0% used [0x00000000edf80000,0x00000000edf80000,0x00000000ee980000)
 ParOldGen       total 138240K, used 63136K [0x00000000c0000000, 0x00000000c8700000, 0x00000000eaa80000)
  object space 138240K, 45% used [0x00000000c0000000,0x00000000c3da80a0,0x00000000c8700000)
 PSPermGen       total 67584K, used 67205K [0x00000000a8000000, 0x00000000ac200000, 0x00000000c0000000)
  object space 67584K, 99% used [0x00000000a8000000,0x00000000ac1a15f8,0x00000000ac200000)
}
Event: 1647923.958 GC heap before
{Heap before GC invocations=414 (full 61):
 PSYoungGen      total 64512K, used 7090K [0x00000000eaa80000, 0x00000000ef380000, 0x0000000100000000)
  eden space 54272K, 13% used [0x00000000eaa80000,0x00000000eb16ca58,0x00000000edf80000)
  from space 10240K, 0% used [0x00000000ee980000,0x00000000ee980000,0x00000000ef380000)
  to   space 10240K, 0% used [0x00000000edf80000,0x00000000edf80000,0x00000000ee980000)
 ParOldGen       total 138240K, used 63136K [0x00000000c0000000, 0x00000000c8700000, 0x00000000eaa80000)
  object space 138240K, 45% used [0x00000000c0000000,0x00000000c3da80a0,0x00000000c8700000)
 PSPermGen       total 67584K, used 67206K [0x00000000a8000000, 0x00000000ac200000, 0x00000000c0000000)
  object space 67584K, 99% used [0x00000000a8000000,0x00000000ac1a1938,0x00000000ac200000)
Event: 1647923.962 GC heap after
Heap after GC invocations=414 (full 61):
 PSYoungGen      total 54784K, used 1584K [0x00000000eaa80000, 0x00000000ef200000, 0x0000000100000000)
  eden space 52736K, 0% used [0x00000000eaa80000,0x00000000eaa80000,0x00000000ede00000)
  from space 2048K, 77% used [0x00000000edf80000,0x00000000ee10c010,0x00000000ee180000)
  to   space 10240K, 0% used [0x00000000ee800000,0x00000000ee800000,0x00000000ef200000)
 ParOldGen       total 138240K, used 63136K [0x00000000c0000000, 0x00000000c8700000, 0x00000000eaa80000)
  object space 138240K, 45% used [0x00000000c0000000,0x00000000c3da80a0,0x00000000c8700000)
 PSPermGen       total 67584K, used 67206K [0x00000000a8000000, 0x00000000ac200000, 0x00000000c0000000)
  object space 67584K, 99% used [0x00000000a8000000,0x00000000ac1a1938,0x00000000ac200000)
}
Event: 1647924.108 GC heap before
{Heap before GC invocations=415 (full 61):
 PSYoungGen      total 54784K, used 4594K [0x00000000eaa80000, 0x00000000ef200000, 0x0000000100000000)
  eden space 52736K, 5% used [0x00000000eaa80000,0x00000000ead70808,0x00000000ede00000)
  from space 2048K, 77% used [0x00000000edf80000,0x00000000ee10c010,0x00000000ee180000)
  to   space 10240K, 0% used [0x00000000ee800000,0x00000000ee800000,0x00000000ef200000)
 ParOldGen       total 138240K, used 63136K [0x00000000c0000000, 0x00000000c8700000, 0x00000000eaa80000)
  object space 138240K, 45% used [0x00000000c0000000,0x00000000c3da80a0,0x00000000c8700000)
 PSPermGen       total 67584K, used 67206K [0x00000000a8000000, 0x00000000ac200000, 0x00000000c0000000)
  object space 67584K, 99% used [0x00000000a8000000,0x00000000ac1a19e0,0x00000000ac200000)
Event: 1647924.190 GC heap after
Heap after GC invocations=415 (full 61):
 PSYoungGen      total 62976K, used 1856K [0x00000000eaa80000, 0x00000000efc80000, 0x0000000100000000)
  eden space 52736K, 0% used [0x00000000eaa80000,0x00000000eaa80000,0x00000000ede00000)
  from space 10240K, 18% used [0x00000000ee800000,0x00000000ee9d0000,0x00000000ef200000)
  to   space 10240K, 0% used [0x00000000ede00000,0x00000000ede00000,0x00000000ee800000)
 ParOldGen       total 138240K, used 63136K [0x00000000c0000000, 0x00000000c8700000, 0x00000000eaa80000)
  object space 138240K, 45% used [0x00000000c0000000,0x00000000c3da80a0,0x00000000c8700000)
 PSPermGen       total 67584K, used 67206K [0x00000000a8000000, 0x00000000ac200000, 0x00000000c0000000)
  object space 67584K, 99% used [0x00000000a8000000,0x00000000ac1a19e0,0x00000000ac200000)
}

